\BOOKMARK [0][-]{chapter*.2}{List of Figures}{}% 1
\BOOKMARK [0][-]{chapter*.3}{List of Tables}{}% 2
\BOOKMARK [0][-]{chapter*.3}{Abstract}{}% 3
\BOOKMARK [0][-]{chapter*.3}{Dedication}{}% 4
\BOOKMARK [0][-]{chapter*.3}{Acknowledgments}{}% 5
\BOOKMARK [0][-]{chapter.1}{Introduction}{}% 6
\BOOKMARK [-1][-]{part.1}{I Theoretical Motivations and the Standard Model}{}% 7
\BOOKMARK [0][-]{chapter.2}{The Standard Model and Beyond}{part.1}% 8
\BOOKMARK [1][-]{section.2.1}{Broken Symmetries and Nobel Prizes}{chapter.2}% 9
\BOOKMARK [-1][-]{part.2}{II Experimental Apparatus and Associated Facilities}{}% 10
\BOOKMARK [0][-]{chapter.3}{The Large Hadron Collider and ATLAS detector}{part.2}% 11
\BOOKMARK [1][-]{section.3.1}{The Large Hadron Collider}{chapter.3}% 12
\BOOKMARK [1][-]{section.3.2}{A Torroidal Large Hadron Collider Apparatus \(ATLAS\)}{chapter.3}% 13
\BOOKMARK [-1][-]{part.3}{III The HbbISR Analysis}{}% 14
\BOOKMARK [0][-]{chapter.4}{Triggering and Data Aquisition}{part.3}% 15
\BOOKMARK [0][-]{chapter.5}{ATHENA Event Reconstruction}{part.3}% 16
\BOOKMARK [-1][-]{part.4}{IV Previous Analysis}{}% 17
\BOOKMARK [0][-]{chapter.6}{Vector Boson Fusion + \040production of Higgs decaying to b"7016b}{part.4}% 18
\BOOKMARK [0][-]{chapter*.4}{Bibliography}{part.4}% 19
\BOOKMARK [0][-]{appendix.A}{Some Ancillary Stuff}{part.4}% 20
